<?xml version="1.0" encoding="UTF-8"?>
<!-- Generated by org.testng.reporters.JUnitReportReporter -->
<testsuite hostname="Kishores-MacBook-Air.local" failures="0" tests="2" name="com.akamai.testrunner.TestRunner" time="36.505" errors="0" timestamp="2022-01-14T21:07:25 IST" skipped="0">
  <testcase classname="com.akamai.testrunner.TestRunner" name="runScenario" time="10.832"/>
  <system-out/>
  <testcase classname="com.akamai.testrunner.TestRunner" name="runScenario" time="25.673"/>
  <system-out/>
</testsuite> <!-- com.akamai.testrunner.TestRunner -->
